{
  "stats": {
    "suites": 2,
    "tests": 21,
    "passes": 21,
    "pending": 0,
    "failures": 0,
    "start": "2020-02-09T11:02:29.186Z",
    "end": "2020-02-09T11:09:23.231Z",
    "duration": 414045,
    "testsRegistered": 21,
    "passPercent": 100,
    "pendingPercent": 0,
    "other": 0,
    "hasOther": false,
    "skipped": 0,
    "hasSkipped": false,
    "passPercentClass": "success",
    "pendingPercentClass": "danger"
  },
  "suites": {
    "uuid": "cecdb1e2-dba0-4070-a353-529f310a4cc3",
    "title": "",
    "fullFile": "",
    "file": "",
    "beforeHooks": [],
    "afterHooks": [],
    "tests": [],
    "suites": [
      {
        "uuid": "ce84d45b-382a-4c8f-8b7b-89849f7df89b",
        "title": "LoginHub automated Positive testing",
        "fullFile": "/home/tekfriday/Sudheer Workspace/NodeJs Selenium/LoginHub-Automation Testing/test/loginhub.test.js",
        "file": "/test/loginhub.test.js",
        "beforeHooks": [
          {
            "title": "\"before each\" hook",
            "fullTitle": "LoginHub automated Positive testing \"before each\" hook",
            "timedOut": false,
            "duration": 5963,
            "pass": false,
            "fail": false,
            "pending": false,
            "code": "page = new Page();\ndriver = page.driver;\nawait page.visit('http://www.loginhub.com/');\nawait page.delay(3000);",
            "err": {},
            "isRoot": false,
            "uuid": "5a9c6111-3e6f-4235-bf7c-086e7062ed92",
            "isHook": true,
            "skipped": false
          }
        ],
        "afterHooks": [
          {
            "title": "\"after each\" hook",
            "fullTitle": "LoginHub automated Positive testing \"after each\" hook",
            "timedOut": false,
            "duration": 53,
            "pass": false,
            "fail": false,
            "pending": false,
            "code": "await page.quit();",
            "err": {},
            "isRoot": false,
            "uuid": "98456b67-c2de-4f97-bf9d-cd95a670285e",
            "isHook": true,
            "skipped": false
          }
        ],
        "tests": [
          {
            "title": "find logo",
            "fullTitle": "LoginHub automated Positive testing find logo",
            "timedOut": false,
            "duration": 2041,
            "state": "passed",
            "speed": "slow",
            "pass": true,
            "fail": false,
            "pending": false,
            "code": "const logo = await page.findLogo();\nawait page.delay(1000);\nawait logo.isDisplayed();\nawait page.delay(1000);",
            "err": {},
            "isRoot": false,
            "uuid": "fb6e7b3a-5fac-458c-bb7a-98a656c903e8",
            "isHook": false,
            "skipped": false
          },
          {
            "title": "Click on Login And Dismiss",
            "fullTitle": "LoginHub automated Positive testing Click on Login And Dismiss",
            "timedOut": false,
            "duration": 6224,
            "state": "passed",
            "speed": "slow",
            "pass": true,
            "fail": false,
            "pending": false,
            "code": "const loginBtn = await page.clickOnLogin();\nawait page.delay(1000);\nawait loginBtn.click();\nconst dismissBtn = await page.dismissPopUp();\nawait page.delay(3000);\nawait dismissBtn.click();\nawait page.delay(2000);",
            "err": {},
            "isRoot": false,
            "uuid": "fffeb3d3-6dc9-4583-b988-2bf253f18ed7",
            "isHook": false,
            "skipped": false
          },
          {
            "title": "Login with Github (without crendentials)",
            "fullTitle": "LoginHub automated Positive testing Login with Github (without crendentials)",
            "timedOut": false,
            "duration": 17299,
            "state": "passed",
            "speed": "slow",
            "pass": true,
            "fail": false,
            "pending": false,
            "code": "await page.loginWithGithub();",
            "err": {},
            "isRoot": false,
            "uuid": "4f8e6e69-cfbd-4806-b42e-57b7a3f32cfe",
            "isHook": false,
            "skipped": false
          },
          {
            "title": "Login with Facebook",
            "fullTitle": "LoginHub automated Positive testing Login with Facebook",
            "timedOut": false,
            "duration": 24363,
            "state": "passed",
            "speed": "slow",
            "pass": true,
            "fail": false,
            "pending": false,
            "code": "await page.loginWithFB();",
            "err": {},
            "isRoot": false,
            "uuid": "447a4840-f3fe-46cf-8cbe-7ad2aa6a022a",
            "isHook": false,
            "skipped": false
          },
          {
            "title": "Click on Register and Dismiss",
            "fullTitle": "LoginHub automated Positive testing Click on Register and Dismiss",
            "timedOut": false,
            "duration": 5202,
            "state": "passed",
            "speed": "slow",
            "pass": true,
            "fail": false,
            "pending": false,
            "code": "const registerBtn = await page.clickOnRegister();\nawait page.delay(1000);\nawait registerBtn.click();\nconst dismissBtn = await page.dismissPopUp();\nawait page.delay(2000);\nawait dismissBtn.click();\nawait page.delay(2000);",
            "err": {},
            "isRoot": false,
            "uuid": "a706a522-bf52-4927-a77e-8e41ccb4082f",
            "isHook": false,
            "skipped": false
          },
          {
            "title": "Click on Register, Already have an account, Dismiss",
            "fullTitle": "LoginHub automated Positive testing Click on Register, Already have an account, Dismiss",
            "timedOut": false,
            "duration": 5382,
            "state": "passed",
            "speed": "slow",
            "pass": true,
            "fail": false,
            "pending": false,
            "code": "const registerBtn = await page.clickOnRegister();\nawait page.delay(1000);\nawait registerBtn.click();\nawait page.delay(1000);\nconst alreadyHaveAnAccBtn = await page.clickOnAlreadyHaveAnAccount();\nawait page.delay(1000);\nawait alreadyHaveAnAccBtn.click();\nconst dismissBtn = await page.dismissPopUp();\nawait page.delay(1000);\nawait dismissBtn.click();\nawait page.delay(1000);",
            "err": {},
            "isRoot": false,
            "uuid": "4f2f85f3-5c32-49d9-b356-e62f804a8e59",
            "isHook": false,
            "skipped": false
          },
          {
            "title": "Click on Register, Already have an account, login with FB ",
            "fullTitle": "LoginHub automated Positive testing Click on Register, Already have an account, login with FB ",
            "timedOut": false,
            "duration": 27688,
            "state": "passed",
            "speed": "slow",
            "pass": true,
            "fail": false,
            "pending": false,
            "code": "const registerBtn = await page.clickOnRegister();\nawait page.delay(1000);\nregisterBtn.click();\nconst alreadyHaveAnAccBtn = await page.clickOnAlreadyHaveAnAccount();\nawait page.delay(1000);\nalreadyHaveAnAccBtn.click();\nawait page.delay(1000);\nawait page.loginWithFB();",
            "err": {},
            "isRoot": false,
            "uuid": "6ba4c42b-499f-4304-b857-d82053c17ff1",
            "isHook": false,
            "skipped": false
          },
          {
            "title": "Click on Login, Click on Forgot Password",
            "fullTitle": "LoginHub automated Positive testing Click on Login, Click on Forgot Password",
            "timedOut": false,
            "duration": 4191,
            "state": "passed",
            "speed": "slow",
            "pass": true,
            "fail": false,
            "pending": false,
            "code": "const loginBtn = await page.clickOnLogin();\nawait page.delay(1000);\nawait loginBtn.click();\nconst forgotPasswordBtn = await page.clickOnForgotPassword();\nawait page.delay(1000);\nawait forgotPasswordBtn.click();\nawait page.delay(2000);",
            "err": {},
            "isRoot": false,
            "uuid": "ae22c463-8a0c-4b8d-bbb2-efc3e42dafc2",
            "isHook": false,
            "skipped": false
          },
          {
            "title": "Click on Login,Click on Register Account",
            "fullTitle": "LoginHub automated Positive testing Click on Login,Click on Register Account",
            "timedOut": false,
            "duration": 6256,
            "state": "passed",
            "speed": "slow",
            "pass": true,
            "fail": false,
            "pending": false,
            "code": "const loginBtn = await page.clickOnLogin();\nawait page.delay(2000);\nawait loginBtn.click();\nconst createAccBtn = await page.clickOnCreateAccount();\nawait page.delay(2000);\nawait createAccBtn.click();\nawait page.delay(2000);",
            "err": {},
            "isRoot": false,
            "uuid": "4b5b4697-26c7-409c-a3e0-370721c353be",
            "isHook": false,
            "skipped": false
          },
          {
            "title": "Click on Login, Click on Create an account, create with Social Login",
            "fullTitle": "LoginHub automated Positive testing Click on Login, Click on Create an account, create with Social Login",
            "timedOut": false,
            "duration": 28567,
            "state": "passed",
            "speed": "slow",
            "pass": true,
            "fail": false,
            "pending": false,
            "code": "const loginBtn = await page.clickOnLogin();\nawait page.delay(1000);\nawait loginBtn.click();\nconst createAccBtn = await page.clickOnCreateAccount();\nawait page.delay(1000);\nawait createAccBtn.click();\nawait page.delay(2000);\nawait page.loginWithFB();",
            "err": {},
            "isRoot": false,
            "uuid": "a13d430c-bf89-45c4-9ad3-b70253ca1d9a",
            "isHook": false,
            "skipped": false
          },
          {
            "title": "Click on Start 30 day trial",
            "fullTitle": "LoginHub automated Positive testing Click on Start 30 day trial",
            "timedOut": false,
            "duration": 13483,
            "state": "passed",
            "speed": "slow",
            "pass": true,
            "fail": false,
            "pending": false,
            "code": "const trialBtn = await page.getTrailBtn();\nawait page.delay(2000);\nawait trialBtn.click();\nawait page.delay(2000);\nconst result = await page.verifyNewPageTitle();\nawait page.delay(2000);\nexpect(result).to.be.true;",
            "err": {},
            "isRoot": false,
            "uuid": "8f9972a8-ef1c-45d4-9a26-a8a55005c9f1",
            "isHook": false,
            "skipped": false
          }
        ],
        "suites": [],
        "passes": [
          "fb6e7b3a-5fac-458c-bb7a-98a656c903e8",
          "fffeb3d3-6dc9-4583-b988-2bf253f18ed7",
          "4f8e6e69-cfbd-4806-b42e-57b7a3f32cfe",
          "447a4840-f3fe-46cf-8cbe-7ad2aa6a022a",
          "a706a522-bf52-4927-a77e-8e41ccb4082f",
          "4f2f85f3-5c32-49d9-b356-e62f804a8e59",
          "6ba4c42b-499f-4304-b857-d82053c17ff1",
          "ae22c463-8a0c-4b8d-bbb2-efc3e42dafc2",
          "4b5b4697-26c7-409c-a3e0-370721c353be",
          "a13d430c-bf89-45c4-9ad3-b70253ca1d9a",
          "8f9972a8-ef1c-45d4-9a26-a8a55005c9f1"
        ],
        "failures": [],
        "pending": [],
        "skipped": [],
        "duration": 140696,
        "root": false,
        "rootEmpty": false,
        "_timeout": 5000000
      },
      {
        "uuid": "6e7ec929-e44f-47e1-9721-18d7471944fc",
        "title": "Loingub automated Negative testing",
        "fullFile": "/home/tekfriday/Sudheer Workspace/NodeJs Selenium/LoginHub-Automation Testing/test/loginhub.test.js",
        "file": "/test/loginhub.test.js",
        "beforeHooks": [
          {
            "title": "\"before each\" hook",
            "fullTitle": "Loingub automated Negative testing \"before each\" hook",
            "timedOut": false,
            "duration": 5973,
            "pass": false,
            "fail": false,
            "pending": false,
            "code": "page = new Page();\ndriver = page.driver;\nawait page.visit('http://www.loginhub.com/');\nawait page.delay(3000);",
            "err": {},
            "isRoot": false,
            "uuid": "a3666ac0-386c-4d8d-92c4-733fc6b56492",
            "isHook": true,
            "skipped": false
          }
        ],
        "afterHooks": [
          {
            "title": "\"after each\" hook",
            "fullTitle": "Loingub automated Negative testing \"after each\" hook",
            "timedOut": false,
            "duration": 58,
            "pass": false,
            "fail": false,
            "pending": false,
            "code": "await page.quit();",
            "err": {},
            "isRoot": false,
            "uuid": "371b1162-c466-44ba-baf8-eb46036942cd",
            "isHook": true,
            "skipped": false
          }
        ],
        "tests": [
          {
            "title": "Trying to login with empty fields",
            "fullTitle": "Loingub automated Negative testing Trying to login with empty fields",
            "timedOut": false,
            "duration": 7257,
            "state": "passed",
            "speed": "slow",
            "pass": true,
            "fail": false,
            "pending": false,
            "code": "const loginBtn = await page.clickOnLogin();\nawait page.delay(2000);\nawait loginBtn.click();\nawait page.delay(2000);\nconst loginBtn2 = await page.getLoginButton2();\nawait loginBtn2.click();\nconst result = await page.verifyLoginValidationMessage();\nawait page.delay(3000);\nexpect(result).to.be.true;",
            "err": {},
            "isRoot": false,
            "uuid": "426c87cc-c7e8-43e2-ac4c-310462bf7f57",
            "isHook": false,
            "skipped": false
          },
          {
            "title": "Valid Username, Invalid Password",
            "fullTitle": "Loingub automated Negative testing Valid Username, Invalid Password",
            "timedOut": false,
            "duration": 16240,
            "state": "passed",
            "speed": "slow",
            "pass": true,
            "fail": false,
            "pending": false,
            "code": "const loginBtn = await page.clickOnLogin();\nawait page.delay(2000);\nawait loginBtn.click();\nawait page.delay(2000);\nconst result = await page.loginValidUserNameInvalidPasswd();\nexpect(result).to.be.true;",
            "err": {},
            "isRoot": false,
            "uuid": "60bbd687-47de-4f09-8dd4-b7834db4fb3d",
            "isHook": false,
            "skipped": false
          },
          {
            "title": "Register Page, Fields are empty, Submit Clicked",
            "fullTitle": "Loingub automated Negative testing Register Page, Fields are empty, Submit Clicked",
            "timedOut": false,
            "duration": 10250,
            "state": "passed",
            "speed": "slow",
            "pass": true,
            "fail": false,
            "pending": false,
            "code": "const registerBtn = await page.clickOnRegister();\nawait page.delay(2000);\nawait registerBtn.click();\nawait page.delay(2000);\nconst result = await page.registerWithEmptyFields();\nexpect(result).to.be.true;",
            "err": {},
            "isRoot": false,
            "uuid": "52775574-4477-4a3f-909f-ac3baeb3a975",
            "isHook": false,
            "skipped": false
          },
          {
            "title": "Register Valid Email And Invalid Password",
            "fullTitle": "Loingub automated Negative testing Register Valid Email And Invalid Password",
            "timedOut": false,
            "duration": 12566,
            "state": "passed",
            "speed": "slow",
            "pass": true,
            "fail": false,
            "pending": false,
            "code": "const registerBtn = await page.clickOnRegister();\nawait page.delay(2000);\nawait registerBtn.click();\nawait page.delay(2000);\nconst result = await page.registerWithInvalidPasswd();\nexpect(result).to.be.true;",
            "err": {},
            "isRoot": false,
            "uuid": "bafa912a-4215-43a6-be55-cd5da8f43370",
            "isHook": false,
            "skipped": false
          },
          {
            "title": "Valid Date, Invalid Password",
            "fullTitle": "Loingub automated Negative testing Valid Date, Invalid Password",
            "timedOut": false,
            "duration": 14529,
            "state": "passed",
            "speed": "slow",
            "pass": true,
            "fail": false,
            "pending": false,
            "code": "const registerBtn = await page.clickOnRegister();\nawait page.delay(2000);\nawait registerBtn.click();\nawait page.delay(2000);\nconst result = await page.registerWithValidDataInvalidPasswd();\nexpect(result).to.be.true;",
            "err": {},
            "isRoot": false,
            "uuid": "ea3351de-be99-41d9-831b-0deecfd3893b",
            "isHook": false,
            "skipped": false
          },
          {
            "title": "Valid Password and Invalid Email",
            "fullTitle": "Loingub automated Negative testing Valid Password and Invalid Email",
            "timedOut": false,
            "duration": 14586,
            "state": "passed",
            "speed": "slow",
            "pass": true,
            "fail": false,
            "pending": false,
            "code": "const registerBtn = await page.clickOnRegister();\nawait page.delay(2000);\nawait registerBtn.click();\nawait page.delay(2000);\nconst result = await page.registerWithValidPasswdInvalidEmail();\nexpect(result).to.be.true;",
            "err": {},
            "isRoot": false,
            "uuid": "e8fcb86a-3d4f-4324-a38c-a8f75846b05d",
            "isHook": false,
            "skipped": false
          },
          {
            "title": "Click on Forgot Password, Invalid Email",
            "fullTitle": "Loingub automated Negative testing Click on Forgot Password, Invalid Email",
            "timedOut": false,
            "duration": 12349,
            "state": "passed",
            "speed": "slow",
            "pass": true,
            "fail": false,
            "pending": false,
            "code": "const loginBtn = await page.clickOnLogin();\nawait page.delay(1000);\nawait loginBtn.click();\nconst forgotPasswordBtn = await page.clickOnForgotPassword();\nawait page.delay(1000);\nawait forgotPasswordBtn.click();\nawait page.delay(2000);\nconst result = await page.submitForgotPasswdWithInvalidEmail();\nexpect(result).to.be.true;",
            "err": {},
            "isRoot": false,
            "uuid": "25310e63-fc1f-4106-9ac0-477f9aa4c9d2",
            "isHook": false,
            "skipped": false
          },
          {
            "title": "Validate Email in Registration",
            "fullTitle": "Loingub automated Negative testing Validate Email in Registration",
            "timedOut": false,
            "duration": 18947,
            "state": "passed",
            "speed": "slow",
            "pass": true,
            "fail": false,
            "pending": false,
            "code": "const registerBtn = await page.clickOnRegister();\nawait page.delay(2000);\nawait registerBtn.click();\nawait page.delay(2000);\nconst result = await page.validateRegistrationEmail();\nexpect(result).to.be.true;",
            "err": {},
            "isRoot": false,
            "uuid": "f1c9beda-3b51-4378-a9ba-d0d2a448b727",
            "isHook": false,
            "skipped": false
          },
          {
            "title": "Validate Date of Birth in Registration",
            "fullTitle": "Loingub automated Negative testing Validate Date of Birth in Registration",
            "timedOut": false,
            "duration": 18953,
            "state": "passed",
            "speed": "slow",
            "pass": true,
            "fail": false,
            "pending": false,
            "code": "const registerBtn = await page.clickOnRegister();\nawait page.delay(2000);\nawait registerBtn.click();\nawait page.delay(2000);\nconst result = await page.validateDOBInRegistration();\nexpect(result).to.be.true;",
            "err": {},
            "isRoot": false,
            "uuid": "68c0b9e6-c827-4b61-83de-e3c1055f0a19",
            "isHook": false,
            "skipped": false
          },
          {
            "title": "Validate Password field in Registration",
            "fullTitle": "Loingub automated Negative testing Validate Password field in Registration",
            "timedOut": false,
            "duration": 19201,
            "state": "passed",
            "speed": "slow",
            "pass": true,
            "fail": false,
            "pending": false,
            "code": "const registerBtn = await page.clickOnRegister();\nawait page.delay(2000);\nawait registerBtn.click();\nawait page.delay(2000);\nconst result = await page.validatePasswordInRegistration();\nexpect(result).to.be.true;",
            "err": {},
            "isRoot": false,
            "uuid": "72348abd-ca93-48f0-83e8-e406f61cf8a5",
            "isHook": false,
            "skipped": false
          }
        ],
        "suites": [],
        "passes": [
          "426c87cc-c7e8-43e2-ac4c-310462bf7f57",
          "60bbd687-47de-4f09-8dd4-b7834db4fb3d",
          "52775574-4477-4a3f-909f-ac3baeb3a975",
          "bafa912a-4215-43a6-be55-cd5da8f43370",
          "ea3351de-be99-41d9-831b-0deecfd3893b",
          "e8fcb86a-3d4f-4324-a38c-a8f75846b05d",
          "25310e63-fc1f-4106-9ac0-477f9aa4c9d2",
          "f1c9beda-3b51-4378-a9ba-d0d2a448b727",
          "68c0b9e6-c827-4b61-83de-e3c1055f0a19",
          "72348abd-ca93-48f0-83e8-e406f61cf8a5"
        ],
        "failures": [],
        "pending": [],
        "skipped": [],
        "duration": 144878,
        "root": false,
        "rootEmpty": false,
        "_timeout": 5000000
      }
    ],
    "passes": [],
    "failures": [],
    "pending": [],
    "skipped": [],
    "duration": 0,
    "root": true,
    "rootEmpty": true,
    "_timeout": 2000
  },
  "copyrightYear": 2020
}